Build started 12/12/2015 6:44:19 PM.
     1>Project "C:\Users\Matan\ex3\IntroductionToOperatingSystems_ex3\Ex3\Ex3.vcxproj" on node 2 (build target(s)).
       Project file contains ToolsVersion="14.0". This toolset may be unknown or missing, in which case you may be able to resolve this by installing the appropriate version of MSBuild, or the build may have been forced to a particular ToolsVersion for policy reasons. Treating the project as if it had ToolsVersion="4.0". For more information, please see http://go.microsoft.com/fwlink/?LinkId=291333.
     1>InitializeBuildStatus:
         Creating "Debug\Ex3.unsuccessfulbuild" because "AlwaysCreate" was specified.
       ClCompile:
         c:\Program Files (x86)\Microsoft Visual Studio 10.0\VC\bin\CL.exe /c /ZI /nologo /W3 /WX- /Od /Oy- /D _MBCS /Gm /EHsc /RTC1 /MDd /GS /fp:precise /Zc:wchar_t /Zc:forScope /Fo"Debug\\" /Fd"Debug\vc100.pdb" /Gd /TC /analyze- /errorReport:prompt ThreadHandler.c
         ThreadHandler.c
     1>c:\users\matan\ex3\introductiontooperatingsystems_ex3\ex3\threadhandler.c(30): warning C4716: 'ThreadTask' : must return a value
     1>c:\users\matan\ex3\introductiontooperatingsystems_ex3\ex3\threadhandler.c(66): warning C4715: 'CreateThreads' : not all control paths return a value
       Link:
         c:\Program Files (x86)\Microsoft Visual Studio 10.0\VC\bin\link.exe /ERRORREPORT:PROMPT /OUT:"C:\Users\Matan\ex3\IntroductionToOperatingSystems_ex3\Debug\Ex3.exe" /NOLOGO kernel32.lib user32.lib gdi32.lib winspool.lib comdlg32.lib advapi32.lib shell32.lib ole32.lib oleaut32.lib uuid.lib odbc32.lib odbccp32.lib /MANIFEST /ManifestFile:"Debug\Ex3.exe.intermediate.manifest" /MANIFESTUAC:"level='asInvoker' uiAccess='false'" /DEBUG /PDB:"C:\Users\Matan\ex3\IntroductionToOperatingSystems_ex3\Debug\Ex3.pdb" /TLBID:1 /DYNAMICBASE /NXCOMPAT /IMPLIB:"C:\Users\Matan\ex3\IntroductionToOperatingSystems_ex3\Debug\Ex3.lib" /MACHINE:X86 Debug\main.obj
         Debug\Progression.obj
         Debug\ThreadHandler.obj
         LINK : C:\Users\Matan\ex3\IntroductionToOperatingSystems_ex3\Debug\Ex3.exe not found or not built by the last incremental link; performing full link
         Ex3.vcxproj -> C:\Users\Matan\ex3\IntroductionToOperatingSystems_ex3\Debug\Ex3.exe
       Manifest:
         C:\Program Files (x86)\Microsoft SDKs\Windows\v7.0A\bin\mt.exe /nologo /verbose /outputresource:"C:\Users\Matan\ex3\IntroductionToOperatingSystems_ex3\Debug\Ex3.exe;#1" /manifest Debug\Ex3.exe.intermediate.manifest
       FinalizeBuildStatus:
         Deleting file "Debug\Ex3.unsuccessfulbuild".
         Touching "Debug\Ex3.lastbuildstate".
     1>Done Building Project "C:\Users\Matan\ex3\IntroductionToOperatingSystems_ex3\Ex3\Ex3.vcxproj" (build target(s)).

Build succeeded.

Time Elapsed 00:00:00.93
